<?xml version="1.0" encoding="UTF-8"?>
<testsuite name="be.cegeka.fizzbuzz.FizzBuzzServiceTest" time="0.007" tests="3" errors="0" skipped="0" failures="0">
  <properties>
[...]
</properties>
  <testcase name="fizzBuzz_whenNumberDivisibleBy3_thenPrintFizz" classname="be.cegeka.fizzbuzz.FizzBuzzServiceTest" time="0"/>
  <testcase name="fizzBuzz_givenSequenceNumberLowerOrEqualThan1_thenThrowException" classname="be.cegeka.fizzbuzz.FizzBuzzServiceTest" time="0.001"/>
  <testcase name="fizzBuzz" classname="be.cegeka.fizzbuzz.FizzBuzzServiceTest" time="0.006"/>
</testsuite>